<?xml version="1.0" encoding="UTF-8" ?>
<testsuite errors="0" failures="0" hostname="matnovak_laptop" name="org.foi.mpc.phases.executionphases.SequentialExecutionPhaseTest" skipped="0" tests="8" time="0.651" timestamp="2017-10-16T10:04:16">
  <properties>
[...]
</properties>
  <testcase classname="org.foi.mpc.phases.executionphases.SequentialExecutionPhaseTest" name="outputDirOfFirstIsInputDirOfSecond" time="0.288" />
  <testcase classname="org.foi.mpc.phases.executionphases.SequentialExecutionPhaseTest" name="executionToolListIsEmpty" time="0.02" />
  <testcase classname="org.foi.mpc.phases.executionphases.SequentialExecutionPhaseTest" name="executeWithListOfToolsIsNull" time="0.013" />
  <testcase classname="org.foi.mpc.phases.executionphases.SequentialExecutionPhaseTest" name="copiesInputDirectoryWithMultipleCoursesYearsAndAssignments" time="0.095" />
  <testcase classname="org.foi.mpc.phases.executionphases.SequentialExecutionPhaseTest" name="inputDirectoryIsEmpty_workingDirHasEmptyPreprocessDir" time="0.013" />
  <testcase classname="org.foi.mpc.phases.executionphases.SequentialExecutionPhaseTest" name="workingDirListIsEmpty" time="0.014" />
  <testcase classname="org.foi.mpc.phases.executionphases.SequentialExecutionPhaseTest" name="workingDirListIsNull" time="0.017" />
  <testcase classname="org.foi.mpc.phases.executionphases.SequentialExecutionPhaseTest" name="runWasDoneByMultipleToolsAndMultipleDirs" time="0.062" />
  <system-out><![CDATA[]]></system-out>
  <system-err><![CDATA[]]></system-err>
</testsuite>
